{"/home/taylor/Dev/Collab/TeamCoderz/multiCLI/cmds/forecast.js": {"path":"/home/taylor/Dev/Collab/TeamCoderz/multiCLI/cmds/forecast.js","statementMap":{"0":{"start":{"line":1,"column":12},"end":{"line":1,"column":26}},"1":{"start":{"line":2,"column":19},"end":{"line":2,"column":46}},"2":{"start":{"line":3,"column":20},"end":{"line":3,"column":48}},"3":{"start":{"line":4,"column":14},"end":{"line":4,"column":39}},"4":{"start":{"line":5,"column":15},"end":{"line":5,"column":60}},"5":{"start":{"line":7,"column":0},"end":{"line":26,"column":2}},"6":{"start":{"line":8,"column":18},"end":{"line":8,"column":31}},"7":{"start":{"line":9,"column":2},"end":{"line":25,"column":3}},"8":{"start":{"line":10,"column":21},"end":{"line":10,"column":79}},"9":{"start":{"line":11,"column":20},"end":{"line":11,"column":46}},"10":{"start":{"line":12,"column":4},"end":{"line":12,"column":19}},"11":{"start":{"line":13,"column":4},"end":{"line":13,"column":54}},"12":{"start":{"line":14,"column":4},"end":{"line":20,"column":6}},"13":{"start":{"line":15,"column":6},"end":{"line":19,"column":7}},"14":{"start":{"line":21,"column":4},"end":{"line":21,"column":28}},"15":{"start":{"line":23,"column":4},"end":{"line":23,"column":19}},"16":{"start":{"line":24,"column":4},"end":{"line":24,"column":28}}},"fnMap":{"0":{"name":"(anonymous_0)","decl":{"start":{"line":7,"column":17},"end":{"line":7,"column":18}},"loc":{"start":{"line":7,"column":31},"end":{"line":26,"column":1}},"line":7},"1":{"name":"(anonymous_1)","decl":{"start":{"line":14,"column":29},"end":{"line":14,"column":30}},"loc":{"start":{"line":15,"column":6},"end":{"line":19,"column":7}},"line":15}},"branchMap":{"0":{"loc":{"start":{"line":10,"column":21},"end":{"line":10,"column":79}},"type":"binary-expr","locations":[{"start":{"line":10,"column":21},"end":{"line":10,"column":34}},{"start":{"line":10,"column":38},"end":{"line":10,"column":44}},{"start":{"line":10,"column":49},"end":{"line":10,"column":78}}],"line":10}},"s":{"0":1,"1":1,"2":1,"3":1,"4":1,"5":1,"6":1,"7":1,"8":1,"9":1,"10":1,"11":1,"12":1,"13":10,"14":1,"15":0,"16":0},"f":{"0":1,"1":10},"b":{"0":[1,1,1]},"_coverageSchema":"332fd63041d2c1bcb487cc26dd0d5f7d97098a6c","hash":"c1f7b7b86da9a3fbf360d2c3639ceae5a8cf8108"}
,"/home/taylor/Dev/Collab/TeamCoderz/multiCLI/cmds/hello.js": {"path":"/home/taylor/Dev/Collab/TeamCoderz/multiCLI/cmds/hello.js","statementMap":{"0":{"start":{"line":1,"column":15},"end":{"line":1,"column":60}},"1":{"start":{"line":4,"column":0},"end":{"line":13,"column":2}},"2":{"start":{"line":5,"column":2},"end":{"line":9,"column":3}},"3":{"start":{"line":6,"column":21},"end":{"line":6,"column":52}},"4":{"start":{"line":7,"column":4},"end":{"line":7,"column":30}},"5":{"start":{"line":8,"column":4},"end":{"line":8,"column":20}},"6":{"start":{"line":10,"column":19},"end":{"line":10,"column":49}},"7":{"start":{"line":11,"column":2},"end":{"line":11,"column":23}},"8":{"start":{"line":12,"column":2},"end":{"line":12,"column":18}}},"fnMap":{"0":{"name":"(anonymous_0)","decl":{"start":{"line":4,"column":17},"end":{"line":4,"column":18}},"loc":{"start":{"line":4,"column":25},"end":{"line":13,"column":1}},"line":4}},"branchMap":{"0":{"loc":{"start":{"line":5,"column":2},"end":{"line":9,"column":3}},"type":"if","locations":[{"start":{"line":5,"column":2},"end":{"line":9,"column":3}},{"start":{"line":5,"column":2},"end":{"line":9,"column":3}}],"line":5},"1":{"loc":{"start":{"line":5,"column":6},"end":{"line":5,"column":25}},"type":"binary-expr","locations":[{"start":{"line":5,"column":6},"end":{"line":5,"column":15}},{"start":{"line":5,"column":19},"end":{"line":5,"column":25}}],"line":5},"2":{"loc":{"start":{"line":6,"column":30},"end":{"line":6,"column":49}},"type":"binary-expr","locations":[{"start":{"line":6,"column":30},"end":{"line":6,"column":39}},{"start":{"line":6,"column":43},"end":{"line":6,"column":49}}],"line":6}},"s":{"0":1,"1":1,"2":3,"3":2,"4":2,"5":2,"6":1,"7":1,"8":1},"f":{"0":3},"b":{"0":[2,1],"1":[3,2],"2":[2,1]},"_coverageSchema":"332fd63041d2c1bcb487cc26dd0d5f7d97098a6c","hash":"ad307ec647a867b5d893751271b6eca0629ebc8d"}
,"/home/taylor/Dev/Collab/TeamCoderz/multiCLI/cmds/weather.js": {"path":"/home/taylor/Dev/Collab/TeamCoderz/multiCLI/cmds/weather.js","statementMap":{"0":{"start":{"line":2,"column":12},"end":{"line":2,"column":26}},"1":{"start":{"line":3,"column":19},"end":{"line":3,"column":46}},"2":{"start":{"line":4,"column":20},"end":{"line":4,"column":48}},"3":{"start":{"line":5,"column":15},"end":{"line":5,"column":60}},"4":{"start":{"line":8,"column":0},"end":{"line":25,"column":2}},"5":{"start":{"line":9,"column":18},"end":{"line":9,"column":31}},"6":{"start":{"line":10,"column":2},"end":{"line":24,"column":3}},"7":{"start":{"line":11,"column":21},"end":{"line":11,"column":79}},"8":{"start":{"line":12,"column":20},"end":{"line":12,"column":46}},"9":{"start":{"line":13,"column":4},"end":{"line":13,"column":19}},"10":{"start":{"line":14,"column":23},"end":{"line":17,"column":5}},"11":{"start":{"line":18,"column":4},"end":{"line":18,"column":59}},"12":{"start":{"line":19,"column":4},"end":{"line":19,"column":79}},"13":{"start":{"line":20,"column":4},"end":{"line":20,"column":22}},"14":{"start":{"line":22,"column":4},"end":{"line":22,"column":19}},"15":{"start":{"line":23,"column":4},"end":{"line":23,"column":23}}},"fnMap":{"0":{"name":"(anonymous_0)","decl":{"start":{"line":8,"column":17},"end":{"line":8,"column":18}},"loc":{"start":{"line":8,"column":31},"end":{"line":25,"column":1}},"line":8}},"branchMap":{"0":{"loc":{"start":{"line":11,"column":21},"end":{"line":11,"column":79}},"type":"binary-expr","locations":[{"start":{"line":11,"column":21},"end":{"line":11,"column":34}},{"start":{"line":11,"column":38},"end":{"line":11,"column":44}},{"start":{"line":11,"column":49},"end":{"line":11,"column":78}}],"line":11}},"s":{"0":1,"1":1,"2":1,"3":1,"4":1,"5":1,"6":1,"7":1,"8":1,"9":1,"10":1,"11":1,"12":1,"13":1,"14":0,"15":0},"f":{"0":1},"b":{"0":[1,1,1]},"_coverageSchema":"332fd63041d2c1bcb487cc26dd0d5f7d97098a6c","hash":"2b9c30a52257a1f9f94fb72de9d720bd8585594d"}
,"/home/taylor/Dev/Collab/TeamCoderz/multiCLI/utils/error.js": {"path":"/home/taylor/Dev/Collab/TeamCoderz/multiCLI/utils/error.js","statementMap":{"0":{"start":{"line":2,"column":0},"end":{"line":8,"column":2}},"1":{"start":{"line":3,"column":2},"end":{"line":3,"column":25}},"2":{"start":{"line":4,"column":2},"end":{"line":6,"column":3}},"3":{"start":{"line":5,"column":4},"end":{"line":5,"column":20}},"4":{"start":{"line":7,"column":2},"end":{"line":7,"column":17}}},"fnMap":{"0":{"name":"(anonymous_0)","decl":{"start":{"line":2,"column":17},"end":{"line":2,"column":18}},"loc":{"start":{"line":2,"column":36},"end":{"line":8,"column":1}},"line":2}},"branchMap":{"0":{"loc":{"start":{"line":4,"column":2},"end":{"line":6,"column":3}},"type":"if","locations":[{"start":{"line":4,"column":2},"end":{"line":6,"column":3}},{"start":{"line":4,"column":2},"end":{"line":6,"column":3}}],"line":4}},"s":{"0":4,"1":1,"2":1,"3":0,"4":1},"f":{"0":1},"b":{"0":[0,1]},"_coverageSchema":"332fd63041d2c1bcb487cc26dd0d5f7d97098a6c","hash":"9ade965d84ac7721f4320d8ec770be03cfb83b48"}
,"/home/taylor/Dev/Collab/TeamCoderz/multiCLI/utils/location.js": {"path":"/home/taylor/Dev/Collab/TeamCoderz/multiCLI/utils/location.js","statementMap":{"0":{"start":{"line":2,"column":14},"end":{"line":2,"column":30}},"1":{"start":{"line":3,"column":14},"end":{"line":3,"column":39}},"2":{"start":{"line":6,"column":0},"end":{"line":20,"column":2}},"3":{"start":{"line":7,"column":18},"end":{"line":10,"column":4}},"4":{"start":{"line":11,"column":37},"end":{"line":11,"column":49}},"5":{"start":{"line":12,"column":2},"end":{"line":19,"column":3}},"6":{"start":{"line":14,"column":6},"end":{"line":14,"column":34}},"7":{"start":{"line":16,"column":6},"end":{"line":16,"column":40}},"8":{"start":{"line":18,"column":6},"end":{"line":18,"column":55}}},"fnMap":{"0":{"name":"(anonymous_0)","decl":{"start":{"line":6,"column":17},"end":{"line":6,"column":18}},"loc":{"start":{"line":6,"column":31},"end":{"line":20,"column":1}},"line":6}},"branchMap":{"0":{"loc":{"start":{"line":12,"column":2},"end":{"line":19,"column":3}},"type":"switch","locations":[{"start":{"line":13,"column":4},"end":{"line":14,"column":34}},{"start":{"line":15,"column":4},"end":{"line":16,"column":40}},{"start":{"line":17,"column":4},"end":{"line":18,"column":55}}],"line":12}},"s":{"0":3,"1":3,"2":3,"3":4,"4":4,"5":4,"6":3,"7":1,"8":0},"f":{"0":4},"b":{"0":[3,1,0]},"_coverageSchema":"332fd63041d2c1bcb487cc26dd0d5f7d97098a6c","hash":"031878fe1fe500c235954934b681e1ffb477fd45"}
,"/home/taylor/Dev/Collab/TeamCoderz/multiCLI/utils/weather.js": {"path":"/home/taylor/Dev/Collab/TeamCoderz/multiCLI/utils/weather.js","statementMap":{"0":{"start":{"line":2,"column":14},"end":{"line":2,"column":30}},"1":{"start":{"line":5,"column":0},"end":{"line":22,"column":2}},"2":{"start":{"line":6,"column":18},"end":{"line":14,"column":4}},"3":{"start":{"line":19,"column":6},"end":{"line":19,"column":45}},"4":{"start":{"line":20,"column":18},"end":{"line":20,"column":48}},"5":{"start":{"line":21,"column":2},"end":{"line":21,"column":17}}},"fnMap":{"0":{"name":"(anonymous_0)","decl":{"start":{"line":5,"column":17},"end":{"line":5,"column":18}},"loc":{"start":{"line":5,"column":35},"end":{"line":22,"column":1}},"line":5}},"branchMap":{},"s":{"0":3,"1":3,"2":3,"3":3,"4":3,"5":3},"f":{"0":3},"b":{},"_coverageSchema":"332fd63041d2c1bcb487cc26dd0d5f7d97098a6c","hash":"57396795e727f468f66a5e880c202c5a856235e8"}
,"/home/taylor/Dev/Collab/TeamCoderz/multiCLI/utils/pretty-print/dictionary.pretty-print.js": {"path":"/home/taylor/Dev/Collab/TeamCoderz/multiCLI/utils/pretty-print/dictionary.pretty-print.js","statementMap":{"0":{"start":{"line":1,"column":19},"end":{"line":28,"column":1}},"1":{"start":{"line":30,"column":0},"end":{"line":30,"column":28}}},"fnMap":{},"branchMap":{},"s":{"0":4,"1":4},"f":{},"b":{},"_coverageSchema":"332fd63041d2c1bcb487cc26dd0d5f7d97098a6c","hash":"5469523d04ba243608d4bba0a420ee249421049e"}
,"/home/taylor/Dev/Collab/TeamCoderz/multiCLI/utils/pretty-print/pretty-print.js": {"path":"/home/taylor/Dev/Collab/TeamCoderz/multiCLI/utils/pretty-print/pretty-print.js","statementMap":{"0":{"start":{"line":1,"column":15},"end":{"line":1,"column":51}},"1":{"start":{"line":14,"column":0},"end":{"line":85,"column":1}},"2":{"start":{"line":20,"column":4},"end":{"line":20,"column":22}},"3":{"start":{"line":27,"column":4},"end":{"line":27,"column":37}},"4":{"start":{"line":34,"column":4},"end":{"line":34,"column":64}},"5":{"start":{"line":41,"column":4},"end":{"line":41,"column":63}},"6":{"start":{"line":48,"column":4},"end":{"line":48,"column":69}},"7":{"start":{"line":55,"column":4},"end":{"line":55,"column":66}},"8":{"start":{"line":62,"column":4},"end":{"line":62,"column":65}},"9":{"start":{"line":69,"column":4},"end":{"line":69,"column":64}},"10":{"start":{"line":76,"column":4},"end":{"line":76,"column":65}},"11":{"start":{"line":83,"column":4},"end":{"line":83,"column":54}},"12":{"start":{"line":97,"column":2},"end":{"line":97,"column":92}}},"fnMap":{"0":{"name":"(anonymous_0)","decl":{"start":{"line":19,"column":8},"end":{"line":19,"column":9}},"loc":{"start":{"line":19,"column":21},"end":{"line":21,"column":3}},"line":19},"1":{"name":"(anonymous_1)","decl":{"start":{"line":26,"column":7},"end":{"line":26,"column":8}},"loc":{"start":{"line":26,"column":20},"end":{"line":28,"column":3}},"line":26},"2":{"name":"(anonymous_2)","decl":{"start":{"line":33,"column":13},"end":{"line":33,"column":14}},"loc":{"start":{"line":33,"column":26},"end":{"line":35,"column":3}},"line":33},"3":{"name":"(anonymous_3)","decl":{"start":{"line":40,"column":13},"end":{"line":40,"column":14}},"loc":{"start":{"line":40,"column":26},"end":{"line":42,"column":3}},"line":40},"4":{"name":"(anonymous_4)","decl":{"start":{"line":47,"column":8},"end":{"line":47,"column":9}},"loc":{"start":{"line":47,"column":21},"end":{"line":49,"column":3}},"line":47},"5":{"name":"(anonymous_5)","decl":{"start":{"line":54,"column":14},"end":{"line":54,"column":15}},"loc":{"start":{"line":54,"column":27},"end":{"line":56,"column":3}},"line":54},"6":{"name":"(anonymous_6)","decl":{"start":{"line":61,"column":14},"end":{"line":61,"column":15}},"loc":{"start":{"line":61,"column":27},"end":{"line":63,"column":3}},"line":61},"7":{"name":"(anonymous_7)","decl":{"start":{"line":68,"column":11},"end":{"line":68,"column":12}},"loc":{"start":{"line":68,"column":24},"end":{"line":70,"column":3}},"line":68},"8":{"name":"(anonymous_8)","decl":{"start":{"line":75,"column":17},"end":{"line":75,"column":18}},"loc":{"start":{"line":75,"column":30},"end":{"line":77,"column":3}},"line":75},"9":{"name":"(anonymous_9)","decl":{"start":{"line":82,"column":17},"end":{"line":82,"column":18}},"loc":{"start":{"line":82,"column":30},"end":{"line":84,"column":3}},"line":82},"10":{"name":"colorize","decl":{"start":{"line":96,"column":9},"end":{"line":96,"column":17}},"loc":{"start":{"line":96,"column":42},"end":{"line":98,"column":1}},"line":96}},"branchMap":{"0":{"loc":{"start":{"line":97,"column":24},"end":{"line":97,"column":32}},"type":"binary-expr","locations":[{"start":{"line":97,"column":24},"end":{"line":97,"column":26}},{"start":{"line":97,"column":30},"end":{"line":97,"column":32}}],"line":97},"1":{"loc":{"start":{"line":97,"column":35},"end":{"line":97,"column":43}},"type":"binary-expr","locations":[{"start":{"line":97,"column":35},"end":{"line":97,"column":37}},{"start":{"line":97,"column":41},"end":{"line":97,"column":43}}],"line":97},"2":{"loc":{"start":{"line":97,"column":46},"end":{"line":97,"column":58}},"type":"binary-expr","locations":[{"start":{"line":97,"column":46},"end":{"line":97,"column":52}},{"start":{"line":97,"column":56},"end":{"line":97,"column":58}}],"line":97},"3":{"loc":{"start":{"line":97,"column":61},"end":{"line":97,"column":73}},"type":"binary-expr","locations":[{"start":{"line":97,"column":61},"end":{"line":97,"column":67}},{"start":{"line":97,"column":71},"end":{"line":97,"column":73}}],"line":97}},"s":{"0":4,"1":4,"2":2,"3":1,"4":2,"5":4,"6":2,"7":1,"8":1,"9":11,"10":1,"11":2,"12":27},"f":{"0":2,"1":1,"2":2,"3":4,"4":2,"5":1,"6":1,"7":11,"8":1,"9":2,"10":27},"b":{"0":[27,2],"1":[27,25],"2":[27,5],"3":[27,1]},"_coverageSchema":"332fd63041d2c1bcb487cc26dd0d5f7d97098a6c","hash":"9d77e58ebcb43c1c69340950311a2dc798569acf"}
}
