TN:
SF:/Users/miles/Development/repositories/multiCLI/cmds/forecast.js
FN:5,(anonymous_0)
FN:12,(anonymous_1)
FNF:2
FNH:2
FNDA:1,(anonymous_0)
FNDA:10,(anonymous_1)
DA:1,1
DA:2,1
DA:3,1
DA:5,1
DA:6,1
DA:7,1
DA:8,1
DA:9,1
DA:10,1
DA:11,1
DA:12,1
DA:13,10
DA:19,1
DA:21,0
DA:22,0
LF:15
LH:13
BRDA:8,0,0,1
BRDA:8,0,1,1
BRDA:8,0,2,1
BRF:3
BRH:3
end_of_record
TN:
SF:/Users/miles/Development/repositories/multiCLI/cmds/hello.js
FN:2,(anonymous_0)
FNF:1
FNH:1
FNDA:3,(anonymous_0)
DA:2,1
DA:3,3
DA:4,2
DA:5,2
DA:6,2
DA:8,1
DA:9,1
DA:10,1
LF:8
LH:8
BRDA:3,0,0,2
BRDA:3,0,1,1
BRDA:3,1,0,3
BRDA:3,1,1,2
BRDA:4,2,0,2
BRDA:4,2,1,1
BRF:6
BRH:6
end_of_record
TN:
SF:/Users/miles/Development/repositories/multiCLI/cmds/weather.js
FN:7,(anonymous_0)
FNF:1
FNH:1
FNDA:1,(anonymous_0)
DA:2,1
DA:3,1
DA:4,1
DA:7,1
DA:8,1
DA:9,1
DA:10,1
DA:11,1
DA:12,1
DA:13,1
DA:17,1
DA:18,1
DA:19,1
DA:21,0
DA:22,0
LF:15
LH:13
BRDA:10,0,0,1
BRDA:10,0,1,1
BRDA:10,0,2,1
BRF:3
BRH:3
end_of_record
TN:
SF:/Users/miles/Development/repositories/multiCLI/utils/error.js
FN:2,(anonymous_0)
FNF:1
FNH:0
FNDA:0,(anonymous_0)
DA:2,2
DA:3,0
DA:4,0
DA:5,0
LF:4
LH:1
BRDA:4,0,0,0
BRDA:4,0,1,0
BRF:2
BRH:0
end_of_record
TN:
SF:/Users/miles/Development/repositories/multiCLI/utils/location.js
FN:6,(anonymous_0)
FNF:1
FNH:1
FNDA:2,(anonymous_0)
DA:2,2
DA:3,2
DA:6,2
DA:7,2
DA:11,2
DA:12,2
DA:14,2
DA:16,0
DA:18,0
LF:9
LH:7
BRDA:12,0,0,2
BRDA:12,0,1,0
BRDA:12,0,2,0
BRF:3
BRH:1
end_of_record
TN:
SF:/Users/miles/Development/repositories/multiCLI/utils/weather.js
FN:5,(anonymous_0)
FNF:1
FNH:1
FNDA:2,(anonymous_0)
DA:2,2
DA:5,2
DA:6,2
DA:15,2
LF:4
LH:4
BRF:0
BRH:0
end_of_record
