TN:
SF:/home/taylor/Dev/Collab/TeamCoderz/multiCLI/cmds/forecast.js
FN:7,(anonymous_0)
FN:14,(anonymous_1)
FNF:2
FNH:2
FNDA:1,(anonymous_0)
FNDA:10,(anonymous_1)
DA:1,1
DA:2,1
DA:3,1
DA:4,1
DA:5,1
DA:7,1
DA:8,1
DA:9,1
DA:10,1
DA:11,1
DA:12,1
DA:13,1
DA:14,1
DA:15,10
DA:21,1
DA:23,0
DA:24,0
LF:17
LH:15
BRDA:10,0,0,1
BRDA:10,0,1,1
BRDA:10,0,2,1
BRF:3
BRH:3
end_of_record
TN:
SF:/home/taylor/Dev/Collab/TeamCoderz/multiCLI/cmds/hello.js
FN:4,(anonymous_0)
FNF:1
FNH:1
FNDA:3,(anonymous_0)
DA:1,1
DA:4,1
DA:5,3
DA:6,2
DA:7,2
DA:8,2
DA:10,1
DA:11,1
DA:12,1
LF:9
LH:9
BRDA:5,0,0,2
BRDA:5,0,1,1
BRDA:5,1,0,3
BRDA:5,1,1,2
BRDA:6,2,0,2
BRDA:6,2,1,1
BRF:6
BRH:6
end_of_record
TN:
SF:/home/taylor/Dev/Collab/TeamCoderz/multiCLI/cmds/weather.js
FN:8,(anonymous_0)
FNF:1
FNH:1
FNDA:1,(anonymous_0)
DA:2,1
DA:3,1
DA:4,1
DA:5,1
DA:8,1
DA:9,1
DA:10,1
DA:11,1
DA:12,1
DA:13,1
DA:14,1
DA:18,1
DA:19,1
DA:20,1
DA:22,0
DA:23,0
LF:16
LH:14
BRDA:11,0,0,1
BRDA:11,0,1,1
BRDA:11,0,2,1
BRF:3
BRH:3
end_of_record
TN:
SF:/home/taylor/Dev/Collab/TeamCoderz/multiCLI/utils/error.js
FN:2,(anonymous_0)
FNF:1
FNH:1
FNDA:1,(anonymous_0)
DA:2,4
DA:3,1
DA:4,1
DA:5,0
DA:7,1
LF:5
LH:4
BRDA:4,0,0,0
BRDA:4,0,1,1
BRF:2
BRH:1
end_of_record
TN:
SF:/home/taylor/Dev/Collab/TeamCoderz/multiCLI/utils/location.js
FN:6,(anonymous_0)
FNF:1
FNH:1
FNDA:4,(anonymous_0)
DA:2,3
DA:3,3
DA:6,3
DA:7,4
DA:11,4
DA:12,4
DA:14,3
DA:16,1
DA:18,0
LF:9
LH:8
BRDA:12,0,0,3
BRDA:12,0,1,1
BRDA:12,0,2,0
BRF:3
BRH:2
end_of_record
TN:
SF:/home/taylor/Dev/Collab/TeamCoderz/multiCLI/utils/weather.js
FN:5,(anonymous_0)
FNF:1
FNH:1
FNDA:3,(anonymous_0)
DA:2,3
DA:5,3
DA:6,3
DA:19,3
DA:20,3
DA:21,3
LF:6
LH:6
BRF:0
BRH:0
end_of_record
TN:
SF:/home/taylor/Dev/Collab/TeamCoderz/multiCLI/utils/pretty-print/dictionary.pretty-print.js
FNF:0
FNH:0
DA:1,4
DA:30,4
LF:2
LH:2
BRF:0
BRH:0
end_of_record
TN:
SF:/home/taylor/Dev/Collab/TeamCoderz/multiCLI/utils/pretty-print/pretty-print.js
FN:19,(anonymous_0)
FN:26,(anonymous_1)
FN:33,(anonymous_2)
FN:40,(anonymous_3)
FN:47,(anonymous_4)
FN:54,(anonymous_5)
FN:61,(anonymous_6)
FN:68,(anonymous_7)
FN:75,(anonymous_8)
FN:82,(anonymous_9)
FN:96,colorize
FNF:11
FNH:11
FNDA:2,(anonymous_0)
FNDA:1,(anonymous_1)
FNDA:2,(anonymous_2)
FNDA:4,(anonymous_3)
FNDA:2,(anonymous_4)
FNDA:1,(anonymous_5)
FNDA:1,(anonymous_6)
FNDA:11,(anonymous_7)
FNDA:1,(anonymous_8)
FNDA:2,(anonymous_9)
FNDA:27,colorize
DA:1,4
DA:14,4
DA:20,2
DA:27,1
DA:34,2
DA:41,4
DA:48,2
DA:55,1
DA:62,1
DA:69,11
DA:76,1
DA:83,2
DA:97,27
LF:13
LH:13
BRDA:97,0,0,27
BRDA:97,0,1,2
BRDA:97,1,0,27
BRDA:97,1,1,25
BRDA:97,2,0,27
BRDA:97,2,1,5
BRDA:97,3,0,27
BRDA:97,3,1,1
BRF:8
BRH:8
end_of_record
